<?xml version="1.0" encoding="UTF-8"?>
<!-- Generated by org.testng.reporters.JUnitReportReporter -->
<testsuite hostname="LAPTOP-0KSDSEE9" failures="0" tests="2" name="com.orangeHRM.tests.LoginPageTest" time="28.346" errors="0" timestamp="2025-05-14T12:13:29 IST" skipped="0">
  <testcase classname="com.orangeHRM.tests.LoginPageTest" name="verifyLogin" time="14.036"/>
  <testcase classname="com.orangeHRM.tests.LoginPageTest" name="verifyLogo" time="14.310"/>
</testsuite> <!-- com.orangeHRM.tests.LoginPageTest -->
